[2025-12-12 14:16:04.194] [jointLog] [info] Fragment incompatibility prior below threshold.  Incompatible fragments will be ignored.
[2025-12-12 14:16:04.194] [jointLog] [info] Usage of --validateMappings implies use of minScoreFraction. Since not explicitly specified, it is being set to 0.65
[2025-12-12 14:16:04.194] [jointLog] [info] Usage of --validateMappings, without --hardFilter implies use of range factorization. rangeFactorizationBins is being set to 4
[2025-12-12 14:16:04.194] [jointLog] [info] Usage of --validateMappings implies a default consensus slack of 0.2. Setting consensusSlack to 0.2.
[2025-12-12 14:16:04.194] [jointLog] [info] parsing read library format
[2025-12-12 14:16:04.194] [jointLog] [info] There is 1 library.
[2025-12-12 14:16:04.292] [jointLog] [info] Loading Quasi index
[2025-12-12 14:16:04.292] [jointLog] [info] Loading 32-bit quasi index
[2025-12-12 14:16:04.331] [jointLog] [info] done
[2025-12-12 14:16:04.331] [jointLog] [info] Index contained 679 targets
[2025-12-12 14:16:04.448] [jointLog] [info] Computed 72 rich equivalence classes for further processing
[2025-12-12 14:16:04.448] [jointLog] [info] Counted 419 total reads in the equivalence classes 
[2025-12-12 14:16:04.449] [jointLog] [info] Number of mappings discarded because of alignment score : 0
[2025-12-12 14:16:04.449] [jointLog] [info] Number of fragments entirely discarded because of alignment score : 0
[2025-12-12 14:16:04.449] [jointLog] [info] Number of fragments discarded because they are best-mapped to decoys : 0
[2025-12-12 14:16:04.449] [jointLog] [info] Number of fragments discarded because they have only dovetail (discordant) mappings : 20
[2025-12-12 14:16:04.450] [jointLog] [warning] Only 419 fragments were mapped, but the number of burn-in fragments was set to 5000000.
The effective lengths have been computed using the observed mappings.

[2025-12-12 14:16:04.450] [jointLog] [info] Mapping rate = 31.7424%

[2025-12-12 14:16:04.450] [jointLog] [info] finished quantifyLibrary()
[2025-12-12 14:16:04.450] [jointLog] [info] Starting optimizer
[2025-12-12 14:16:04.452] [jointLog] [info] Marked 0 weighted equivalence classes as degenerate
[2025-12-12 14:16:04.452] [jointLog] [info] iteration = 0 | max rel diff. = 27.1733
[2025-12-12 14:16:04.462] [jointLog] [info] iteration = 100 | max rel diff. = 0.00836824
[2025-12-12 14:16:04.462] [jointLog] [info] Finished optimizer
[2025-12-12 14:16:04.462] [jointLog] [info] writing output 

[2025-12-12 14:16:04.465] [jointLog] [warning] NOTE: Read Lib [[ Fastqs/Trimmed/LisaSimpson_R1_filtered.fastq.gz, Fastqs/Trimmed/LisaSimpson_R2_filtered.fastq.gz]] :

Detected a *potential* strand bias > 1% in an unstranded protocol check the file: quantf_results/LisaSimpson_quant/lib_format_counts.json for details

[2025-12-12 14:16:04.448] [fileLog] [info] 
At end of round 0
==================
Observed 1320 total fragments (1320 in most recent round)

